[    21.596] (--) Log file renamed from "/home/osboxes/.local/share/xorg/Xorg.pid-2711.log" to "/home/osboxes/.local/share/xorg/Xorg.0.log"
[    21.597] 
X.Org X Server 1.19.6
Release Date: 2017-12-20
[    21.597] X Protocol Version 11, Revision 0
[    21.597] Build Operating System: Linux 4.4.0-138-generic x86_64 Ubuntu
[    21.597] Current Operating System: Linux osboxes 4.15.0-39-generic #42-Ubuntu SMP Tue Oct 23 15:48:01 UTC 2018 x86_64
[    21.597] Kernel command line: BOOT_IMAGE=/vmlinuz-4.15.0-39-generic root=UUID=dcadd28c-af63-4c02-900a-21c371121ea7 ro
[    21.597] Build Date: 25 October 2018  04:11:27PM
[    21.597] xorg-server 2:1.19.6-1ubuntu4.2 (For technical support please see http://www.ubuntu.com/support) 
[    21.597] Current version of pixman: 0.34.0
[    21.597] 	Before reporting problems, check http://wiki.x.org
	to make sure that you have the latest version.
[    21.597] Markers: (--) probed, (**) from config file, (==) default setting,
	(++) from command line, (!!) notice, (II) informational,
	(WW) warning, (EE) error, (NI) not implemented, (??) unknown.
[    21.597] (==) Log file: "/home/osboxes/.local/share/xorg/Xorg.0.log", Time: Fri Nov 23 06:10:22 2018
[    21.597] (==) Using system config directory "/usr/share/X11/xorg.conf.d"
[    21.598] (==) No Layout section.  Using the first Screen section.
[    21.598] (==) No screen section available. Using defaults.
[    21.598] (**) |-->Screen "Default Screen Section" (0)
[    21.598] (**) |   |-->Monitor "<default monitor>"
[    21.598] (==) No monitor specified for screen "Default Screen Section".
	Using a default monitor configuration.
[    21.598] (==) Automatically adding devices
[    21.598] (==) Automatically enabling devices
[    21.598] (==) Automatically adding GPU devices
[    21.598] (==) Automatically binding GPU devices
[    21.599] (==) Max clients allowed: 256, resource mask: 0x1fffff
[    21.599] (WW) The directory "/usr/share/fonts/X11/cyrillic" does not exist.
[    21.599] 	Entry deleted from font path.
[    21.599] (WW) The directory "/usr/share/fonts/X11/100dpi/" does not exist.
[    21.599] 	Entry deleted from font path.
[    21.599] (WW) The directory "/usr/share/fonts/X11/75dpi/" does not exist.
[    21.599] 	Entry deleted from font path.
[    21.599] (WW) The directory "/usr/share/fonts/X11/Type1" does not exist.
[    21.599] 	Entry deleted from font path.
[    21.599] (WW) The directory "/usr/share/fonts/X11/100dpi" does not exist.
[    21.599] 	Entry deleted from font path.
[    21.599] (WW) The directory "/usr/share/fonts/X11/75dpi" does not exist.
[    21.599] 	Entry deleted from font path.
[    21.599] (==) FontPath set to:
	/usr/share/fonts/X11/misc,
	built-ins
[    21.599] (==) ModulePath set to "/usr/lib/xorg/modules"
[    21.599] (II) The server relies on udev to provide the list of input devices.
	If no devices become available, reconfigure udev or disable AutoAddDevices.
[    21.599] (II) Loader magic: 0x55c6a992f020
[    21.599] (II) Module ABI versions:
[    21.599] 	X.Org ANSI C Emulation: 0.4
[    21.599] 	X.Org Video Driver: 23.0
[    21.599] 	X.Org XInput driver : 24.1
[    21.599] 	X.Org Server Extension : 10.0
[    21.599] (++) using VT number 2

[    21.602] (II) systemd-logind: took control of session /org/freedesktop/login1/session/_32
[    21.602] (II) xfree86: Adding drm device (/dev/dri/card0)
[    21.605] (II) systemd-logind: got fd for /dev/dri/card0 226:0 fd 12 paused 0
[    21.611] (--) PCI:*(0:0:15:0) 15ad:0405:15ad:0405 rev 0, Mem @ 0xe8000000/134217728, 0xfe000000/8388608, I/O @ 0x00001070/16, BIOS @ 0x????????/131072
[    21.611] (II) LoadModule: "glx"
[    21.616] (II) Loading /usr/lib/xorg/modules/extensions/libglx.so
[    21.617] (II) Module glx: vendor="X.Org Foundation"
[    21.617] 	compiled for 1.19.6, module version = 1.0.0
[    21.617] 	ABI class: X.Org Server Extension, version 10.0
[    21.617] (==) Matched vmware as autoconfigured driver 0
[    21.617] (==) Matched vmware as autoconfigured driver 1
[    21.617] (==) Matched modesetting as autoconfigured driver 2
[    21.617] (==) Matched fbdev as autoconfigured driver 3
[    21.617] (==) Matched vesa as autoconfigured driver 4
[    21.617] (==) Assigned the driver to the xf86ConfigLayout
[    21.617] (II) LoadModule: "vmware"
[    21.618] (II) Loading /usr/lib/xorg/modules/drivers/vmware_drv.so
[    21.628] (II) Module vmware: vendor="X.Org Foundation"
[    21.628] 	compiled for 1.19.3, module version = 13.2.1
[    21.628] 	Module class: X.Org Video Driver
[    21.628] 	ABI class: X.Org Video Driver, version 23.0
[    21.628] (II) LoadModule: "modesetting"
[    21.628] (II) Loading /usr/lib/xorg/modules/drivers/modesetting_drv.so
[    21.628] (II) Module modesetting: vendor="X.Org Foundation"
[    21.628] 	compiled for 1.19.6, module version = 1.19.6
[    21.628] 	Module class: X.Org Video Driver
[    21.628] 	ABI class: X.Org Video Driver, version 23.0
[    21.628] (II) LoadModule: "fbdev"
[    21.628] (II) Loading /usr/lib/xorg/modules/drivers/fbdev_drv.so
[    21.628] (II) Module fbdev: vendor="X.Org Foundation"
[    21.628] 	compiled for 1.19.3, module version = 0.4.4
[    21.628] 	Module class: X.Org Video Driver
[    21.628] 	ABI class: X.Org Video Driver, version 23.0
[    21.628] (II) LoadModule: "vesa"
[    21.629] (II) Loading /usr/lib/xorg/modules/drivers/vesa_drv.so
[    21.629] (II) Module vesa: vendor="X.Org Foundation"
[    21.629] 	compiled for 1.19.3, module version = 2.3.4
[    21.629] 	Module class: X.Org Video Driver
[    21.629] 	ABI class: X.Org Video Driver, version 23.0
[    21.629] (II) vmware: driver for VMware SVGA: vmware0405, vmware0710
[    21.629] (II) modesetting: Driver for Modesetting Kernel Drivers: kms
[    21.629] (II) FBDEV: driver for framebuffer: fbdev
[    21.629] (II) VESA: driver for VESA chipsets: vesa
[    21.629] xf86EnableIOPorts: failed to set IOPL for I/O (Operation not permitted)
[    21.629] (WW) Falling back to old probe method for modesetting
[    21.629] (WW) Falling back to old probe method for fbdev
[    21.629] (II) Loading sub module "fbdevhw"
[    21.629] (II) LoadModule: "fbdevhw"
[    21.629] (II) Loading /usr/lib/xorg/modules/libfbdevhw.so
[    21.629] (II) Module fbdevhw: vendor="X.Org Foundation"
[    21.629] 	compiled for 1.19.6, module version = 0.0.2
[    21.629] 	ABI class: X.Org Video Driver, version 23.0
[    21.629] (EE) open /dev/fb0: Permission denied
[    21.629] (WW) Falling back to old probe method for vesa
[    21.629] (WW) VGA arbiter: cannot open kernel arbiter, no multi-card support
[    21.629] (II) vmware(0): Creating default Display subsection in Screen section
	"Default Screen Section" for depth/fbbpp 24/32
[    21.629] (--) vmware(0): DRM driver version is 2.14.0
[    21.629] (==) vmware(0): Depth 24, (--) framebuffer bpp 32
[    21.629] (==) vmware(0): RGB weight 888
[    21.629] (==) vmware(0): Default visual is TrueColor
[    21.629] (--) vmware(0): Min width 1, Max Width 8192.
[    21.629] (--) vmware(0): Min height 1, Max Height 8192.
[    21.629] (II) vmware(0): Output Virtual1 has no monitor section
[    21.630] (II) vmware(0): Output Virtual2 has no monitor section
[    21.630] (II) vmware(0): Output Virtual3 has no monitor section
[    21.630] (II) vmware(0): Output Virtual4 has no monitor section
[    21.630] (II) vmware(0): Output Virtual5 has no monitor section
[    21.630] (II) vmware(0): Output Virtual6 has no monitor section
[    21.630] (II) vmware(0): Output Virtual7 has no monitor section
[    21.630] (II) vmware(0): Output Virtual8 has no monitor section
[    21.630] (II) vmware(0): Printing probed modes for output Virtual1
[    21.630] (II) vmware(0): Modeline "800x600"x60.0   42.75  800 850 900 950  600 650 700 750 -hsync +vsync (45.0 kHz eP)
[    21.630] (II) vmware(0): Modeline "2560x1600"x60.0  348.50  2560 2752 3032 3504  1600 1603 1609 1658 -hsync +vsync (99.5 kHz e)
[    21.630] (II) vmware(0): Modeline "1920x1440"x60.0  234.00  1920 2048 2256 2600  1440 1441 1444 1500 -hsync +vsync (90.0 kHz e)
[    21.630] (II) vmware(0): Modeline "1856x1392"x60.0  218.25  1856 1952 2176 2528  1392 1393 1396 1439 -hsync +vsync (86.3 kHz e)
[    21.630] (II) vmware(0): Modeline "1792x1344"x60.0  204.75  1792 1920 2120 2448  1344 1345 1348 1394 -hsync +vsync (83.6 kHz e)
[    21.630] (II) vmware(0): Modeline "1920x1200"x59.9  193.25  1920 2056 2256 2592  1200 1203 1209 1245 -hsync +vsync (74.6 kHz e)
[    21.630] (II) vmware(0): Modeline "1600x1200"x60.0  162.00  1600 1664 1856 2160  1200 1201 1204 1250 +hsync +vsync (75.0 kHz e)
[    21.630] (II) vmware(0): Modeline "1680x1050"x60.0  146.25  1680 1784 1960 2240  1050 1053 1059 1089 -hsync +vsync (65.3 kHz e)
[    21.630] (II) vmware(0): Modeline "1400x1050"x60.0  121.75  1400 1488 1632 1864  1050 1053 1057 1089 -hsync +vsync (65.3 kHz e)
[    21.630] (II) vmware(0): Modeline "1280x1024"x60.0  108.00  1280 1328 1440 1688  1024 1025 1028 1066 +hsync +vsync (64.0 kHz e)
[    21.630] (II) vmware(0): Modeline "1440x900"x59.9  106.50  1440 1520 1672 1904  900 903 909 934 -hsync +vsync (55.9 kHz e)
[    21.630] (II) vmware(0): Modeline "1280x960"x60.0  108.00  1280 1376 1488 1800  960 961 964 1000 +hsync +vsync (60.0 kHz e)
[    21.630] (II) vmware(0): Modeline "1360x768"x60.0   85.50  1360 1424 1536 1792  768 771 777 795 +hsync +vsync (47.7 kHz e)
[    21.630] (II) vmware(0): Modeline "1280x800"x59.8   83.50  1280 1352 1480 1680  800 803 809 831 +hsync -vsync (49.7 kHz e)
[    21.630] (II) vmware(0): Modeline "1152x864"x75.0  108.00  1152 1216 1344 1600  864 865 868 900 +hsync +vsync (67.5 kHz e)
[    21.630] (II) vmware(0): Modeline "1280x768"x59.9   79.50  1280 1344 1472 1664  768 771 778 798 -hsync +vsync (47.8 kHz e)
[    21.630] (II) vmware(0): Modeline "1024x768"x60.0   65.00  1024 1048 1184 1344  768 771 777 806 -hsync -vsync (48.4 kHz e)
[    21.630] (II) vmware(0): Modeline "800x600"x60.3   40.00  800 840 968 1056  600 601 605 628 +hsync +vsync (37.9 kHz e)
[    21.630] (II) vmware(0): Modeline "640x480"x59.9   25.18  640 656 752 800  480 489 492 525 -hsync -vsync (31.5 kHz e)
[    21.630] (II) vmware(0): EDID for output Virtual2
[    21.630] (II) vmware(0): EDID for output Virtual3
[    21.630] (II) vmware(0): EDID for output Virtual4
[    21.630] (II) vmware(0): EDID for output Virtual5
[    21.630] (II) vmware(0): EDID for output Virtual6
[    21.630] (II) vmware(0): EDID for output Virtual7
[    21.630] (II) vmware(0): EDID for output Virtual8
[    21.630] (II) vmware(0): Output Virtual1 connected
[    21.630] (II) vmware(0): Output Virtual2 disconnected
[    21.630] (II) vmware(0): Output Virtual3 disconnected
[    21.630] (II) vmware(0): Output Virtual4 disconnected
[    21.630] (II) vmware(0): Output Virtual5 disconnected
[    21.630] (II) vmware(0): Output Virtual6 disconnected
[    21.630] (II) vmware(0): Output Virtual7 disconnected
[    21.630] (II) vmware(0): Output Virtual8 disconnected
[    21.630] (II) vmware(0): Using exact sizes for initial modes
[    21.630] (II) vmware(0): Output Virtual1 using initial mode 800x600 +0+0
[    21.630] (==) vmware(0): DPI set to (96, 96)
[    21.630] (==) vmware(0): Using gamma correction (1.0, 1.0, 1.0)
[    21.630] (II) Loading sub module "fb"
[    21.630] (II) LoadModule: "fb"
[    21.630] (II) Loading /usr/lib/xorg/modules/libfb.so
[    21.630] (II) Module fb: vendor="X.Org Foundation"
[    21.630] 	compiled for 1.19.6, module version = 1.0.0
[    21.630] 	ABI class: X.Org ANSI C Emulation, version 0.4
[    21.630] (II) Loading sub module "dri2"
[    21.630] (II) LoadModule: "dri2"
[    21.630] (II) Module "dri2" already built-in
[    21.630] (II) UnloadModule: "modesetting"
[    21.630] (II) Unloading modesetting
[    21.630] (II) UnloadModule: "fbdev"
[    21.630] (II) Unloading fbdev
[    21.630] (II) UnloadSubModule: "fbdevhw"
[    21.630] (II) Unloading fbdevhw
[    21.630] (II) UnloadModule: "vesa"
[    21.630] (II) Unloading vesa
[    21.630] (==) Depth 24 pixmap format is 32 bpp
[    21.631] (II) vmware(0): Initialized VMWARE_CTRL extension version 0.2
[    21.637] (II) vmware(0): Gallium3D XA version: 2.3.0.
[    21.637] (II) vmware(0): Path of drm device is "/dev/dri/card0".
[    21.637] (II) vmware(0): [DRI2] Setup complete
[    21.637] (II) vmware(0): [DRI2]   DRI driver: vmwgfx
[    21.637] (--) vmware(0): Render acceleration is enabled.
[    21.637] (==) vmware(0): Rendercheck mode is disabled.
[    21.637] (--) vmware(0): Direct rendering (3D) is enabled.
[    21.637] (==) vmware(0): Direct presents are disabled.
[    21.637] (==) vmware(0): Hardware only presents are automatic per scanout.
[    21.637] (==) vmware(0): Backing store enabled
[    21.637] (==) vmware(0): Silken mouse enabled
[    21.638] (II) vmware(0): RandR 1.2 enabled, ignore the following RandR disabled message.
[    21.638] (==) vmware(0): DPMS enabled
[    21.638] (--) RandR disabled
[    21.640] (II) SELinux: Disabled on system
[    21.645] (II) AIGLX: enabled GLX_MESA_copy_sub_buffer
[    21.645] (II) AIGLX: enabled GLX_ARB_create_context
[    21.645] (II) AIGLX: enabled GLX_ARB_create_context_profile
[    21.645] (II) AIGLX: enabled GLX_EXT_create_context_es{,2}_profile
[    21.645] (II) AIGLX: enabled GLX_EXT_framebuffer_sRGB
[    21.645] (II) AIGLX: enabled GLX_ARB_fbconfig_float
[    21.645] (II) AIGLX: enabled GLX_EXT_fbconfig_packed_float
[    21.645] (II) AIGLX: GLX_EXT_texture_from_pixmap backed by buffer objects
[    21.646] (II) AIGLX: Loaded and initialized vmwgfx
[    21.646] (II) GLX: Initialized DRI2 GL provider for screen 0
[    21.647] (II) vmware(0): Setting screen physical size to 211 x 158
[    21.672] (II) config/udev: Adding input device Power Button (/dev/input/event0)
[    21.672] (**) Power Button: Applying InputClass "evdev keyboard catchall"
[    21.672] (**) Power Button: Applying InputClass "libinput keyboard catchall"
[    21.672] (II) LoadModule: "libinput"
[    21.672] (II) Loading /usr/lib/xorg/modules/input/libinput_drv.so
[    21.673] (II) Module libinput: vendor="X.Org Foundation"
[    21.673] 	compiled for 1.19.6, module version = 0.27.1
[    21.673] 	Module class: X.Org XInput Driver
[    21.673] 	ABI class: X.Org XInput driver, version 24.1
[    21.673] (II) Using input driver 'libinput' for 'Power Button'
[    21.675] (II) systemd-logind: got fd for /dev/input/event0 13:64 fd 24 paused 0
[    21.675] (**) Power Button: always reports core events
[    21.675] (**) Option "Device" "/dev/input/event0"
[    21.675] (**) Option "_source" "server/udev"
[    21.676] (II) event0  - Power Button: is tagged by udev as: Keyboard
[    21.676] (II) event0  - Power Button: device is a keyboard
[    21.676] (II) event0  - Power Button: device removed
[    21.676] (**) Option "config_info" "udev:/sys/devices/LNXSYSTM:00/LNXPWRBN:00/input/input0/event0"
[    21.676] (II) XINPUT: Adding extended input device "Power Button" (type: KEYBOARD, id 6)
[    21.676] (**) Option "xkb_model" "pc105"
[    21.676] (**) Option "xkb_layout" "us"
[    21.677] (II) event0  - Power Button: is tagged by udev as: Keyboard
[    21.677] (II) event0  - Power Button: device is a keyboard
[    21.678] (II) config/udev: Adding input device VMware VMware Virtual USB Mouse (/dev/input/event4)
[    21.678] (**) VMware VMware Virtual USB Mouse: Applying InputClass "evdev pointer catchall"
[    21.678] (**) VMware VMware Virtual USB Mouse: Applying InputClass "libinput pointer catchall"
[    21.678] (II) Using input driver 'libinput' for 'VMware VMware Virtual USB Mouse'
[    22.626] (II) systemd-logind: got fd for /dev/input/event4 13:68 fd 27 paused 0
[    22.626] (**) VMware VMware Virtual USB Mouse: always reports core events
[    22.626] (**) Option "Device" "/dev/input/event4"
[    22.626] (**) Option "_source" "server/udev"
[    22.626] (II) event4  - VMware VMware Virtual USB Mouse: is tagged by udev as: Mouse
[    22.626] (II) event4  - VMware VMware Virtual USB Mouse: device is a pointer
[    22.626] (II) event4  - VMware VMware Virtual USB Mouse: device removed
[    22.626] (**) Option "config_info" "udev:/sys/devices/pci0000:00/0000:00:11.0/0000:02:00.0/usb2/2-1/2-1:1.0/0003:0E0F:0003.0001/input/input5/event4"
[    22.627] (II) XINPUT: Adding extended input device "VMware VMware Virtual USB Mouse" (type: MOUSE, id 7)
[    22.627] (**) Option "AccelerationScheme" "none"
[    22.627] (**) VMware VMware Virtual USB Mouse: (accel) selected scheme none/0
[    22.627] (**) VMware VMware Virtual USB Mouse: (accel) acceleration factor: 2.000
[    22.627] (**) VMware VMware Virtual USB Mouse: (accel) acceleration threshold: 4
[    22.627] (II) event4  - VMware VMware Virtual USB Mouse: is tagged by udev as: Mouse
[    22.627] (II) event4  - VMware VMware Virtual USB Mouse: device is a pointer
[    22.627] (II) config/udev: Adding input device VMware VMware Virtual USB Mouse (/dev/input/mouse2)
[    22.627] (II) No input driver specified, ignoring this device.
[    22.627] (II) This device may have been added with another device file.
[    22.627] (II) config/udev: Adding input device AT Translated Set 2 keyboard (/dev/input/event1)
[    22.628] (**) AT Translated Set 2 keyboard: Applying InputClass "evdev keyboard catchall"
[    22.628] (**) AT Translated Set 2 keyboard: Applying InputClass "libinput keyboard catchall"
[    22.628] (II) Using input driver 'libinput' for 'AT Translated Set 2 keyboard'
[    22.629] (II) systemd-logind: got fd for /dev/input/event1 13:65 fd 28 paused 0
[    22.629] (**) AT Translated Set 2 keyboard: always reports core events
[    22.629] (**) Option "Device" "/dev/input/event1"
[    22.629] (**) Option "_source" "server/udev"
[    22.629] (II) event1  - AT Translated Set 2 keyboard: is tagged by udev as: Keyboard
[    22.629] (II) event1  - AT Translated Set 2 keyboard: device is a keyboard
[    22.629] (II) event1  - AT Translated Set 2 keyboard: device removed
[    22.629] (**) Option "config_info" "udev:/sys/devices/platform/i8042/serio0/input/input1/event1"
[    22.629] (II) XINPUT: Adding extended input device "AT Translated Set 2 keyboard" (type: KEYBOARD, id 8)
[    22.629] (**) Option "xkb_model" "pc105"
[    22.629] (**) Option "xkb_layout" "us"
[    22.630] (II) event1  - AT Translated Set 2 keyboard: is tagged by udev as: Keyboard
[    22.630] (II) event1  - AT Translated Set 2 keyboard: device is a keyboard
[    22.630] (II) config/udev: Adding input device VirtualPS/2 VMware VMMouse (/dev/input/event3)
[    22.630] (**) VirtualPS/2 VMware VMMouse: Applying InputClass "evdev pointer catchall"
[    22.630] (**) VirtualPS/2 VMware VMMouse: Applying InputClass "libinput pointer catchall"
[    22.630] (II) Using input driver 'libinput' for 'VirtualPS/2 VMware VMMouse'
[    22.631] (II) systemd-logind: got fd for /dev/input/event3 13:67 fd 29 paused 0
[    22.631] (**) VirtualPS/2 VMware VMMouse: always reports core events
[    22.631] (**) Option "Device" "/dev/input/event3"
[    22.631] (**) Option "_source" "server/udev"
[    22.631] (II) event3  - VirtualPS/2 VMware VMMouse: is tagged by udev as: Mouse
[    22.631] (II) event3  - VirtualPS/2 VMware VMMouse: device is a pointer
[    22.631] (II) event3  - VirtualPS/2 VMware VMMouse: device removed
[    22.631] (**) Option "config_info" "udev:/sys/devices/platform/i8042/serio1/input/input3/event3"
[    22.631] (II) XINPUT: Adding extended input device "VirtualPS/2 VMware VMMouse" (type: MOUSE, id 9)
[    22.631] (**) Option "AccelerationScheme" "none"
[    22.631] (**) VirtualPS/2 VMware VMMouse: (accel) selected scheme none/0
[    22.631] (**) VirtualPS/2 VMware VMMouse: (accel) acceleration factor: 2.000
[    22.631] (**) VirtualPS/2 VMware VMMouse: (accel) acceleration threshold: 4
[    22.631] (II) event3  - VirtualPS/2 VMware VMMouse: is tagged by udev as: Mouse
[    22.631] (II) event3  - VirtualPS/2 VMware VMMouse: device is a pointer
[    22.632] (II) config/udev: Adding input device VirtualPS/2 VMware VMMouse (/dev/input/mouse1)
[    22.632] (II) No input driver specified, ignoring this device.
[    22.632] (II) This device may have been added with another device file.
[    22.632] (II) config/udev: Adding input device VirtualPS/2 VMware VMMouse (/dev/input/event2)
[    22.632] (**) VirtualPS/2 VMware VMMouse: Applying InputClass "evdev pointer catchall"
[    22.632] (**) VirtualPS/2 VMware VMMouse: Applying InputClass "libinput pointer catchall"
[    22.632] (II) Using input driver 'libinput' for 'VirtualPS/2 VMware VMMouse'
[    22.633] (II) systemd-logind: got fd for /dev/input/event2 13:66 fd 30 paused 0
[    22.633] (**) VirtualPS/2 VMware VMMouse: always reports core events
[    22.633] (**) Option "Device" "/dev/input/event2"
[    22.633] (**) Option "_source" "server/udev"
[    22.633] (II) event2  - VirtualPS/2 VMware VMMouse: is tagged by udev as: Mouse
[    22.633] (II) event2  - VirtualPS/2 VMware VMMouse: device is a pointer
[    22.633] (II) event2  - VirtualPS/2 VMware VMMouse: device removed
[    22.633] (**) Option "config_info" "udev:/sys/devices/platform/i8042/serio1/input/input4/event2"
[    22.633] (II) XINPUT: Adding extended input device "VirtualPS/2 VMware VMMouse" (type: MOUSE, id 10)
[    22.633] (**) Option "AccelerationScheme" "none"
[    22.633] (**) VirtualPS/2 VMware VMMouse: (accel) selected scheme none/0
[    22.633] (**) VirtualPS/2 VMware VMMouse: (accel) acceleration factor: 2.000
[    22.633] (**) VirtualPS/2 VMware VMMouse: (accel) acceleration threshold: 4
[    22.633] (II) event2  - VirtualPS/2 VMware VMMouse: is tagged by udev as: Mouse
[    22.633] (II) event2  - VirtualPS/2 VMware VMMouse: device is a pointer
[    22.634] (II) config/udev: Adding input device VirtualPS/2 VMware VMMouse (/dev/input/mouse0)
[    22.634] (II) No input driver specified, ignoring this device.
[    22.634] (II) This device may have been added with another device file.
[    51.574] (DB) vmware(0): New layout.
[    51.574] (DB) vmware(0): 0: 0 0 1024 671
[    51.574] (DB) vmware(0): 
[    55.158] (DB) vmware(0): New layout.
[    55.158] (DB) vmware(0): 0: 0 0 1920 983
[    55.158] (DB) vmware(0): 
[    72.346] (DB) vmware(0): New layout.
[    72.346] (DB) vmware(0): 0: 0 0 1024 671
[    72.346] (DB) vmware(0): 
[   101.814] (DB) vmware(0): New layout.
[   101.814] (DB) vmware(0): 0: 0 0 1920 983
[   101.814] (DB) vmware(0): 
[   325.692] (DB) vmware(0): New layout.
[   325.693] (DB) vmware(0): 0: 0 0 1024 671
[   325.693] (DB) vmware(0): 
[   366.323] (DB) vmware(0): New layout.
[   366.323] (DB) vmware(0): 0: 0 0 1920 983
[   366.323] (DB) vmware(0): 
[   368.290] (DB) vmware(0): New layout.
[   368.290] (DB) vmware(0): 0: 0 0 1024 671
[   368.290] (DB) vmware(0): 
[  1016.866] (DB) vmware(0): New layout.
[  1016.886] (DB) vmware(0): 0: 0 0 1920 983
[  1016.887] (DB) vmware(0): 
[  1515.582] (DB) vmware(0): New layout.
[  1515.583] (DB) vmware(0): 0: 0 0 1024 671
[  1515.583] (DB) vmware(0): 
[  1524.909] (DB) vmware(0): New layout.
[  1524.909] (DB) vmware(0): 0: 0 0 1920 983
[  1524.909] (DB) vmware(0): 
[ 18584.234] (DB) vmware(0): New layout.
[ 18584.242] (DB) vmware(0): 0: 0 0 1024 671
[ 18584.242] (DB) vmware(0): 
[ 18664.173] (DB) vmware(0): New layout.
[ 18664.173] (DB) vmware(0): 0: 0 0 1920 983
[ 18664.173] (DB) vmware(0): 
