Activating service name='org.gnome.Terminal'
Successfully activated service 'org.gnome.Terminal'
Activating service name='org.gnome.Terminal'
Successfully activated service 'org.gnome.Terminal'
Activating service name='org.gtk.vfs.Daemon'
Successfully activated service 'org.gtk.vfs.Daemon'
Activating service name='org.freedesktop.systemd1'
Activated service 'org.freedesktop.systemd1' failed: Process org.freedesktop.systemd1 exited with status 1
Activating service name='ca.desrt.dconf'
Successfully activated service 'ca.desrt.dconf'
Activating service name='org.gnome.evolution.dataserver.Sources5'
Activated service 'org.gnome.evolution.dataserver.Sources5' failed: Failed to execute program org.gnome.evolution.dataserver.Sources5: No such file or directory
Activating service name='org.gtk.vfs.UDisks2VolumeMonitor'
Successfully activated service 'org.gtk.vfs.UDisks2VolumeMonitor'
Activating service name='org.gtk.vfs.Metadata'
Successfully activated service 'org.gtk.vfs.Metadata'
Activating service name='org.gnome.Terminal'
Successfully activated service 'org.gnome.Terminal'
Reloaded configuration
Reloaded configuration
Reloaded configuration
Reloaded configuration
Reloaded configuration
Reloaded configuration
Reloaded configuration
Reloaded configuration
Reloaded configuration
Reloaded configuration
Reloaded configuration
Reloaded configuration
Reloaded configuration
Reloaded configuration
Reloaded configuration
Reloaded configuration
Reloaded configuration
Reloaded configuration
Reloaded configuration
Reloaded configuration
Reloaded configuration
Reloaded configuration
Reloaded configuration
Reloaded configuration
Reloaded configuration
Reloaded configuration
Reloaded configuration
Reloaded configuration
Reloaded configuration
Reloaded configuration
Reloaded configuration
Reloaded configuration
Reloaded configuration
Reloaded configuration
Reloaded configuration
Reloaded configuration
Reloaded configuration
Reloaded configuration
Reloaded configuration
Reloaded configuration
Reloaded configuration
Reloaded configuration
Reloaded configuration
Reloaded configuration
Reloaded configuration
Reloaded configuration
Reloaded configuration
Reloaded configuration
Reloaded configuration
Reloaded configuration
Reloaded configuration
Reloaded configuration
Reloaded configuration
Reloaded configuration
Reloaded configuration
Reloaded configuration
Reloaded configuration
Reloaded configuration
Reloaded configuration
Reloaded configuration
Reloaded configuration
Reloaded configuration
Reloaded configuration
Reloaded configuration
Reloaded configuration
Reloaded configuration
Reloaded configuration
Reloaded configuration
Reloaded configuration
Reloaded configuration
Reloaded configuration
Reloaded configuration
Reloaded configuration
Reloaded configuration
Reloaded configuration
Reloaded configuration
Reloaded configuration
Reloaded configuration
Reloaded configuration
Reloaded configuration
Reloaded configuration
Reloaded configuration
Reloaded configuration
Reloaded configuration
Reloaded configuration
Reloaded configuration
Reloaded configuration
Reloaded configuration
Reloaded configuration
Reloaded configuration
Reloaded configuration
Reloaded configuration
Reloaded configuration
Reloaded configuration
Reloaded configuration
Reloaded configuration
Reloaded configuration
Reloaded configuration
Reloaded configuration
Reloaded configuration
Reloaded configuration
Reloaded configuration
Reloaded configuration
Reloaded configuration
Reloaded configuration
Reloaded configuration
Reloaded configuration
Reloaded configuration
Reloaded configuration
Reloaded configuration
Reloaded configuration
Reloaded configuration
Reloaded configuration
Reloaded configuration
Reloaded configuration
Reloaded configuration
Reloaded configuration
Reloaded configuration
Reloaded configuration
Reloaded configuration
Reloaded configuration
Reloaded configuration
Reloaded configuration
Reloaded configuration
Reloaded configuration
Reloaded configuration
Reloaded configuration
Reloaded configuration
Reloaded configuration
Reloaded configuration
Reloaded configuration
Reloaded configuration
Reloaded configuration
Reloaded configuration
Reloaded configuration
Reloaded configuration
Reloaded configuration
Reloaded configuration
Reloaded configuration
Reloaded configuration
Reloaded configuration
Reloaded configuration
Reloaded configuration
Reloaded configuration
Reloaded configuration
Reloaded configuration
Reloaded configuration
Reloaded configuration
Reloaded configuration
Reloaded configuration
Reloaded configuration
Reloaded configuration
Reloaded configuration
Reloaded configuration
Reloaded configuration
Reloaded configuration
Reloaded configuration
Reloaded configuration
Reloaded configuration
Reloaded configuration
Reloaded configuration
Reloaded configuration
Reloaded configuration
Reloaded configuration
Reloaded configuration
Reloaded configuration
Reloaded configuration
Reloaded configuration
Reloaded configuration
Reloaded configuration
Reloaded configuration
Reloaded configuration
Reloaded configuration
Reloaded configuration
Reloaded configuration
Reloaded configuration
Reloaded configuration
Reloaded configuration
Reloaded configuration
Reloaded configuration
